<?xml version="1.0" encoding="UTF-8"?>
<testsuite name="com.glyco.app.ExampleUnitTest" tests="1" skipped="0" failures="0" errors="0" timestamp="2025-09-29T18:39:15" hostname="MADHUKER" time="0.001">
  <properties/>
  <testcase name="addition_isCorrect" classname="com.glyco.app.ExampleUnitTest" time="0.001"/>
  <system-out><![CDATA[]]></system-out>
  <system-err><![CDATA[]]></system-err>
</testsuite>
